<?xml version="1.0" encoding="UTF-8"?>
<coverage generated="1708564341158" clover="3.2.0">
  <project timestamp="1708564341158" name="All files">
    <metrics statements="50" coveredstatements="50" conditionals="26" coveredconditionals="25" methods="6" coveredmethods="6" elements="82" coveredelements="81" complexity="0" loc="50" ncloc="50" packages="1" files="1" classes="1"/>
    <file name="consts.ts" path="C:\Users\dulls.RED\dev\mine\Calendar_nutri\src\utils\consts.ts">
      <metrics statements="50" coveredstatements="50" conditionals="26" coveredconditionals="25" methods="6" coveredmethods="6"/>
      <line num="3" count="4" type="stmt"/>
      <line num="4" count="4" type="cond" truecount="1" falsecount="0"/>
      <line num="12" count="1" type="stmt"/>
      <line num="14" count="3" type="stmt"/>
      <line num="16" count="3" type="cond" truecount="2" falsecount="0"/>
      <line num="17" count="3" type="cond" truecount="1" falsecount="1"/>
      <line num="18" count="3" type="cond" truecount="1" falsecount="0"/>
      <line num="23" count="1" type="stmt"/>
      <line num="25" count="2" type="stmt"/>
      <line num="33" count="10" type="stmt"/>
      <line num="34" count="10" type="cond" truecount="3" falsecount="0"/>
      <line num="35" count="4" type="stmt"/>
      <line num="37" count="6" type="cond" truecount="2" falsecount="0"/>
      <line num="38" count="6" type="stmt"/>
      <line num="39" count="6" type="cond" truecount="2" falsecount="0"/>
      <line num="40" count="20" type="stmt"/>
      <line num="42" count="6" type="stmt"/>
      <line num="45" count="1" type="stmt"/>
      <line num="46" count="3" type="stmt"/>
      <line num="47" count="3" type="stmt"/>
      <line num="48" count="35" type="stmt"/>
      <line num="50" count="3" type="stmt"/>
      <line num="53" count="1" type="stmt"/>
      <line num="54" count="3" type="cond" truecount="5" falsecount="0"/>
      <line num="55" count="1" type="stmt"/>
      <line num="57" count="2" type="stmt"/>
      <line num="58" count="2" type="stmt"/>
      <line num="61" count="1" type="stmt"/>
      <line num="62" count="3" type="cond" truecount="1" falsecount="0"/>
      <line num="63" count="1" type="stmt"/>
      <line num="64" count="1" type="stmt"/>
      <line num="66" count="2" type="stmt"/>
      <line num="67" count="2" type="stmt"/>
      <line num="68" count="2" type="stmt"/>
      <line num="69" count="2" type="stmt"/>
      <line num="70" count="2" type="stmt"/>
      <line num="71" count="7" type="stmt"/>
      <line num="72" count="7" type="stmt"/>
      <line num="73" count="7" type="stmt"/>
      <line num="75" count="2" type="stmt"/>
      <line num="78" count="1" type="stmt"/>
      <line num="79" count="2" type="cond" truecount="1" falsecount="0"/>
      <line num="80" count="1" type="stmt"/>
      <line num="82" count="1" type="stmt"/>
      <line num="84" count="1" type="stmt"/>
      <line num="86" count="1" type="stmt"/>
      <line num="88" count="1" type="stmt"/>
      <line num="89" count="1" type="stmt"/>
      <line num="90" count="1" type="stmt"/>
      <line num="92" count="1" type="stmt"/>
    </file>
  </project>
</coverage>
