{"C:\\Users\\dulls.RED\\dev\\mine\\Calendar_nutri\\src\\utils\\consts.ts": {"path":"C:\\Users\\dulls.RED\\dev\\mine\\Calendar_nutri\\src\\utils\\consts.ts","statementMap":{"0":{"start":{"line":3,"column":34},"end":{"line":3,"column":36}},"1":{"start":{"line":3,"column":40},"end":{"line":3,"column":42}},"2":{"start":{"line":3,"column":45},"end":{"line":3,"column":62}},"3":{"start":{"line":4,"column":2},"end":{"line":13,"column":3}},"4":{"start":{"line":12,"column":4},"end":{"line":12,"column":10}},"5":{"start":{"line":14,"column":21},"end":{"line":14,"column":30}},"6":{"start":{"line":16,"column":4},"end":{"line":16,"column":65}},"7":{"start":{"line":17,"column":20},"end":{"line":17,"column":67}},"8":{"start":{"line":18,"column":2},"end":{"line":24,"column":3}},"9":{"start":{"line":23,"column":4},"end":{"line":23,"column":10}},"10":{"start":{"line":25,"column":2},"end":{"line":25,"column":null}},"11":{"start":{"line":3,"column":0},"end":{"line":3,"column":16}},"12":{"start":{"line":33,"column":31},"end":{"line":33,"column":33}},"13":{"start":{"line":33,"column":41},"end":{"line":33,"column":54}},"14":{"start":{"line":34,"column":2},"end":{"line":36,"column":3}},"15":{"start":{"line":35,"column":4},"end":{"line":35,"column":10}},"16":{"start":{"line":37,"column":2},"end":{"line":37,"column":null}},"17":{"start":{"line":38,"column":30},"end":{"line":38,"column":32}},"18":{"start":{"line":39,"column":2},"end":{"line":41,"column":3}},"19":{"start":{"line":39,"column":19},"end":{"line":39,"column":20}},"20":{"start":{"line":40,"column":4},"end":{"line":40,"column":null}},"21":{"start":{"line":42,"column":2},"end":{"line":42,"column":null}},"22":{"start":{"line":33,"column":0},"end":{"line":33,"column":16}},"23":{"start":{"line":46,"column":31},"end":{"line":46,"column":33}},"24":{"start":{"line":47,"column":2},"end":{"line":49,"column":3}},"25":{"start":{"line":47,"column":19},"end":{"line":47,"column":20}},"26":{"start":{"line":48,"column":4},"end":{"line":48,"column":null}},"27":{"start":{"line":50,"column":2},"end":{"line":50,"column":null}},"28":{"start":{"line":45,"column":0},"end":{"line":45,"column":16}},"29":{"start":{"line":54,"column":2},"end":{"line":56,"column":3}},"30":{"start":{"line":55,"column":4},"end":{"line":55,"column":10}},"31":{"start":{"line":57,"column":19},"end":{"line":57,"column":24}},"32":{"start":{"line":58,"column":2},"end":{"line":58,"column":null}},"33":{"start":{"line":53,"column":0},"end":{"line":53,"column":16}},"34":{"start":{"line":62,"column":2},"end":{"line":65,"column":3}},"35":{"start":{"line":63,"column":4},"end":{"line":63,"column":null}},"36":{"start":{"line":64,"column":4},"end":{"line":64,"column":10}},"37":{"start":{"line":66,"column":24},"end":{"line":66,"column":40}},"38":{"start":{"line":67,"column":33},"end":{"line":67,"column":35}},"39":{"start":{"line":68,"column":15},"end":{"line":68,"column":16}},"40":{"start":{"line":69,"column":15},"end":{"line":69,"column":16}},"41":{"start":{"line":70,"column":2},"end":{"line":74,"column":3}},"42":{"start":{"line":70,"column":19},"end":{"line":70,"column":20}},"43":{"start":{"line":71,"column":4},"end":{"line":71,"column":null}},"44":{"start":{"line":72,"column":4},"end":{"line":72,"column":null}},"45":{"start":{"line":73,"column":4},"end":{"line":73,"column":null}},"46":{"start":{"line":75,"column":2},"end":{"line":75,"column":null}},"47":{"start":{"line":61,"column":0},"end":{"line":61,"column":16}},"48":{"start":{"line":79,"column":2},"end":{"line":81,"column":3}},"49":{"start":{"line":80,"column":4},"end":{"line":80,"column":10}},"50":{"start":{"line":82,"column":22},"end":{"line":82,"column":56}},"51":{"start":{"line":84,"column":24},"end":{"line":84,"column":67}},"52":{"start":{"line":86,"column":23},"end":{"line":86,"column":76}},"53":{"start":{"line":88,"column":26},"end":{"line":88,"column":75}},"54":{"start":{"line":89,"column":25},"end":{"line":89,"column":74}},"55":{"start":{"line":90,"column":23},"end":{"line":90,"column":45}},"56":{"start":{"line":92,"column":2},"end":{"line":96,"column":null}},"57":{"start":{"line":78,"column":0},"end":{"line":78,"column":16}}},"fnMap":{"0":{"name":"concatDate","decl":{"start":{"line":3,"column":16},"end":{"line":3,"column":26}},"loc":{"start":{"line":3,"column":62},"end":{"line":26,"column":1}}},"1":{"name":"emptyDays","decl":{"start":{"line":33,"column":16},"end":{"line":33,"column":25}},"loc":{"start":{"line":33,"column":54},"end":{"line":43,"column":1}}},"2":{"name":"monthDays","decl":{"start":{"line":45,"column":16},"end":{"line":45,"column":25}},"loc":{"start":{"line":45,"column":38},"end":{"line":51,"column":1}}},"3":{"name":"findLastDay","decl":{"start":{"line":53,"column":16},"end":{"line":53,"column":27}},"loc":{"start":{"line":53,"column":48},"end":{"line":59,"column":1}}},"4":{"name":"cuttingIntoWeeks","decl":{"start":{"line":61,"column":16},"end":{"line":61,"column":32}},"loc":{"start":{"line":61,"column":48},"end":{"line":76,"column":1}}},"5":{"name":"range","decl":{"start":{"line":78,"column":16},"end":{"line":78,"column":21}},"loc":{"start":{"line":78,"column":41},"end":{"line":97,"column":1}}}},"branchMap":{"0":{"loc":{"start":{"line":4,"column":2},"end":{"line":13,"column":3}},"type":"if","locations":[{"start":{"line":4,"column":2},"end":{"line":13,"column":3}}]},"1":{"loc":{"start":{"line":5,"column":4},"end":{"line":10,"column":11}},"type":"binary-expr","locations":[{"start":{"line":5,"column":4},"end":{"line":5,"column":14}},{"start":{"line":6,"column":4},"end":{"line":6,"column":13}},{"start":{"line":7,"column":4},"end":{"line":7,"column":15}},{"start":{"line":8,"column":4},"end":{"line":8,"column":15}},{"start":{"line":9,"column":4},"end":{"line":9,"column":12}},{"start":{"line":10,"column":4},"end":{"line":10,"column":11}}]},"2":{"loc":{"start":{"line":16,"column":4},"end":{"line":16,"column":65}},"type":"cond-expr","locations":[{"start":{"line":16,"column":28},"end":{"line":16,"column":48}},{"start":{"line":16,"column":51},"end":{"line":16,"column":65}}]},"3":{"loc":{"start":{"line":17,"column":20},"end":{"line":17,"column":67}},"type":"cond-expr","locations":[{"start":{"line":17,"column":42},"end":{"line":17,"column":56}},{"start":{"line":17,"column":59},"end":{"line":17,"column":67}}]},"4":{"loc":{"start":{"line":18,"column":2},"end":{"line":24,"column":3}},"type":"if","locations":[{"start":{"line":18,"column":2},"end":{"line":24,"column":3}}]},"5":{"loc":{"start":{"line":34,"column":2},"end":{"line":36,"column":3}},"type":"if","locations":[{"start":{"line":34,"column":2},"end":{"line":36,"column":3}}]},"6":{"loc":{"start":{"line":34,"column":6},"end":{"line":34,"column":24}},"type":"binary-expr","locations":[{"start":{"line":34,"column":6},"end":{"line":34,"column":13}},{"start":{"line":34,"column":17},"end":{"line":34,"column":24}}]},"7":{"loc":{"start":{"line":37,"column":2},"end":{"line":37,"column":29}},"type":"cond-expr","locations":[{"start":{"line":37,"column":15},"end":{"line":37,"column":22}},{"start":{"line":37,"column":26},"end":{"line":37,"column":29}}]},"8":{"loc":{"start":{"line":39,"column":22},"end":{"line":39,"column":66}},"type":"cond-expr","locations":[{"start":{"line":39,"column":33},"end":{"line":39,"column":48}},{"start":{"line":39,"column":51},"end":{"line":39,"column":66}}]},"9":{"loc":{"start":{"line":54,"column":2},"end":{"line":56,"column":3}},"type":"if","locations":[{"start":{"line":54,"column":2},"end":{"line":56,"column":3}}]},"10":{"loc":{"start":{"line":54,"column":6},"end":{"line":54,"column":45}},"type":"binary-expr","locations":[{"start":{"line":54,"column":6},"end":{"line":54,"column":12}},{"start":{"line":54,"column":16},"end":{"line":54,"column":21}},{"start":{"line":54,"column":25},"end":{"line":54,"column":33}},{"start":{"line":54,"column":37},"end":{"line":54,"column":45}}]},"11":{"loc":{"start":{"line":62,"column":2},"end":{"line":65,"column":3}},"type":"if","locations":[{"start":{"line":62,"column":2},"end":{"line":65,"column":3}}]},"12":{"loc":{"start":{"line":79,"column":2},"end":{"line":81,"column":3}},"type":"if","locations":[{"start":{"line":79,"column":2},"end":{"line":81,"column":3}}]}},"s":{"0":4,"1":4,"2":4,"3":4,"4":1,"5":3,"6":3,"7":3,"8":3,"9":1,"10":2,"11":1,"12":10,"13":10,"14":10,"15":4,"16":6,"17":6,"18":6,"19":6,"20":20,"21":6,"22":1,"23":3,"24":3,"25":3,"26":35,"27":3,"28":1,"29":3,"30":1,"31":2,"32":2,"33":1,"34":3,"35":1,"36":1,"37":2,"38":2,"39":2,"40":2,"41":2,"42":2,"43":7,"44":7,"45":7,"46":2,"47":1,"48":2,"49":1,"50":1,"51":1,"52":1,"53":1,"54":1,"55":1,"56":1,"57":1},"f":{"0":4,"1":10,"2":3,"3":3,"4":3,"5":2},"b":{"0":[1],"1":[4,3,3,3,3,3],"2":[1,2],"3":[0,3],"4":[1],"5":[4],"6":[10,8],"7":[2,4],"8":[18,8],"9":[1],"10":[3,2,2,2],"11":[1],"12":[1]}}
}
