{"C:\\Users\\dulls.RED\\dev\\mine\\Calendar_nutri\\src\\utils\\consts.ts": {"path":"C:\\Users\\dulls.RED\\dev\\mine\\Calendar_nutri\\src\\utils\\consts.ts","statementMap":{"0":{"start":{"line":3,"column":34},"end":{"line":3,"column":36}},"1":{"start":{"line":3,"column":40},"end":{"line":3,"column":42}},"2":{"start":{"line":3,"column":45},"end":{"line":3,"column":62}},"3":{"start":{"line":4,"column":21},"end":{"line":4,"column":30}},"4":{"start":{"line":5,"column":22},"end":{"line":5,"column":75}},"5":{"start":{"line":6,"column":20},"end":{"line":6,"column":67}},"6":{"start":{"line":7,"column":2},"end":{"line":7,"column":null}},"7":{"start":{"line":3,"column":0},"end":{"line":3,"column":16}},"8":{"start":{"line":15,"column":31},"end":{"line":15,"column":33}},"9":{"start":{"line":15,"column":41},"end":{"line":15,"column":54}},"10":{"start":{"line":16,"column":2},"end":{"line":18,"column":3}},"11":{"start":{"line":17,"column":4},"end":{"line":17,"column":10}},"12":{"start":{"line":19,"column":2},"end":{"line":19,"column":null}},"13":{"start":{"line":20,"column":30},"end":{"line":20,"column":32}},"14":{"start":{"line":21,"column":2},"end":{"line":23,"column":3}},"15":{"start":{"line":21,"column":19},"end":{"line":21,"column":20}},"16":{"start":{"line":22,"column":4},"end":{"line":22,"column":null}},"17":{"start":{"line":24,"column":2},"end":{"line":24,"column":null}},"18":{"start":{"line":15,"column":0},"end":{"line":15,"column":16}},"19":{"start":{"line":28,"column":31},"end":{"line":28,"column":33}},"20":{"start":{"line":29,"column":2},"end":{"line":31,"column":3}},"21":{"start":{"line":29,"column":19},"end":{"line":29,"column":20}},"22":{"start":{"line":30,"column":4},"end":{"line":30,"column":null}},"23":{"start":{"line":32,"column":2},"end":{"line":32,"column":null}},"24":{"start":{"line":27,"column":0},"end":{"line":27,"column":16}},"25":{"start":{"line":36,"column":2},"end":{"line":38,"column":3}},"26":{"start":{"line":37,"column":4},"end":{"line":37,"column":10}},"27":{"start":{"line":39,"column":19},"end":{"line":39,"column":24}},"28":{"start":{"line":40,"column":2},"end":{"line":40,"column":null}},"29":{"start":{"line":35,"column":0},"end":{"line":35,"column":16}},"30":{"start":{"line":44,"column":2},"end":{"line":47,"column":3}},"31":{"start":{"line":45,"column":4},"end":{"line":45,"column":null}},"32":{"start":{"line":46,"column":4},"end":{"line":46,"column":10}},"33":{"start":{"line":48,"column":24},"end":{"line":48,"column":40}},"34":{"start":{"line":49,"column":33},"end":{"line":49,"column":35}},"35":{"start":{"line":50,"column":15},"end":{"line":50,"column":16}},"36":{"start":{"line":51,"column":15},"end":{"line":51,"column":16}},"37":{"start":{"line":52,"column":2},"end":{"line":56,"column":3}},"38":{"start":{"line":52,"column":19},"end":{"line":52,"column":20}},"39":{"start":{"line":53,"column":4},"end":{"line":53,"column":null}},"40":{"start":{"line":54,"column":4},"end":{"line":54,"column":null}},"41":{"start":{"line":55,"column":4},"end":{"line":55,"column":null}},"42":{"start":{"line":57,"column":2},"end":{"line":57,"column":null}},"43":{"start":{"line":43,"column":0},"end":{"line":43,"column":16}},"44":{"start":{"line":61,"column":2},"end":{"line":63,"column":3}},"45":{"start":{"line":62,"column":4},"end":{"line":62,"column":10}},"46":{"start":{"line":64,"column":22},"end":{"line":64,"column":56}},"47":{"start":{"line":66,"column":24},"end":{"line":66,"column":67}},"48":{"start":{"line":68,"column":23},"end":{"line":68,"column":76}},"49":{"start":{"line":70,"column":26},"end":{"line":70,"column":75}},"50":{"start":{"line":71,"column":25},"end":{"line":71,"column":74}},"51":{"start":{"line":72,"column":23},"end":{"line":72,"column":45}},"52":{"start":{"line":74,"column":2},"end":{"line":78,"column":null}},"53":{"start":{"line":60,"column":0},"end":{"line":60,"column":16}}},"fnMap":{"0":{"name":"concatDate","decl":{"start":{"line":3,"column":16},"end":{"line":3,"column":26}},"loc":{"start":{"line":3,"column":62},"end":{"line":8,"column":1}}},"1":{"name":"emptyDays","decl":{"start":{"line":15,"column":16},"end":{"line":15,"column":25}},"loc":{"start":{"line":15,"column":54},"end":{"line":25,"column":1}}},"2":{"name":"monthDays","decl":{"start":{"line":27,"column":16},"end":{"line":27,"column":25}},"loc":{"start":{"line":27,"column":38},"end":{"line":33,"column":1}}},"3":{"name":"findLastDay","decl":{"start":{"line":35,"column":16},"end":{"line":35,"column":27}},"loc":{"start":{"line":35,"column":48},"end":{"line":41,"column":1}}},"4":{"name":"cuttingIntoWeeks","decl":{"start":{"line":43,"column":16},"end":{"line":43,"column":32}},"loc":{"start":{"line":43,"column":48},"end":{"line":58,"column":1}}},"5":{"name":"range","decl":{"start":{"line":60,"column":16},"end":{"line":60,"column":21}},"loc":{"start":{"line":60,"column":41},"end":{"line":79,"column":1}}}},"branchMap":{"0":{"loc":{"start":{"line":5,"column":22},"end":{"line":5,"column":75}},"type":"cond-expr","locations":[{"start":{"line":5,"column":46},"end":{"line":5,"column":62}},{"start":{"line":5,"column":65},"end":{"line":5,"column":75}}]},"1":{"loc":{"start":{"line":6,"column":20},"end":{"line":6,"column":67}},"type":"cond-expr","locations":[{"start":{"line":6,"column":42},"end":{"line":6,"column":56}},{"start":{"line":6,"column":59},"end":{"line":6,"column":67}}]},"2":{"loc":{"start":{"line":16,"column":2},"end":{"line":18,"column":3}},"type":"if","locations":[{"start":{"line":16,"column":2},"end":{"line":18,"column":3}}]},"3":{"loc":{"start":{"line":16,"column":6},"end":{"line":16,"column":24}},"type":"binary-expr","locations":[{"start":{"line":16,"column":6},"end":{"line":16,"column":13}},{"start":{"line":16,"column":17},"end":{"line":16,"column":24}}]},"4":{"loc":{"start":{"line":19,"column":2},"end":{"line":19,"column":29}},"type":"cond-expr","locations":[{"start":{"line":19,"column":15},"end":{"line":19,"column":22}},{"start":{"line":19,"column":26},"end":{"line":19,"column":29}}]},"5":{"loc":{"start":{"line":21,"column":22},"end":{"line":21,"column":66}},"type":"cond-expr","locations":[{"start":{"line":21,"column":33},"end":{"line":21,"column":48}},{"start":{"line":21,"column":51},"end":{"line":21,"column":66}}]},"6":{"loc":{"start":{"line":36,"column":2},"end":{"line":38,"column":3}},"type":"if","locations":[{"start":{"line":36,"column":2},"end":{"line":38,"column":3}}]},"7":{"loc":{"start":{"line":36,"column":6},"end":{"line":36,"column":45}},"type":"binary-expr","locations":[{"start":{"line":36,"column":6},"end":{"line":36,"column":12}},{"start":{"line":36,"column":16},"end":{"line":36,"column":21}},{"start":{"line":36,"column":25},"end":{"line":36,"column":33}},{"start":{"line":36,"column":37},"end":{"line":36,"column":45}}]},"8":{"loc":{"start":{"line":44,"column":2},"end":{"line":47,"column":3}},"type":"if","locations":[{"start":{"line":44,"column":2},"end":{"line":47,"column":3}}]},"9":{"loc":{"start":{"line":61,"column":2},"end":{"line":63,"column":3}},"type":"if","locations":[{"start":{"line":61,"column":2},"end":{"line":63,"column":3}}]}},"s":{"0":1,"1":1,"2":1,"3":1,"4":1,"5":1,"6":1,"7":1,"8":10,"9":10,"10":10,"11":4,"12":6,"13":6,"14":6,"15":6,"16":20,"17":6,"18":1,"19":3,"20":3,"21":3,"22":35,"23":3,"24":1,"25":3,"26":1,"27":2,"28":2,"29":1,"30":3,"31":1,"32":1,"33":2,"34":2,"35":2,"36":2,"37":2,"38":2,"39":7,"40":7,"41":7,"42":2,"43":1,"44":2,"45":1,"46":1,"47":1,"48":1,"49":1,"50":1,"51":1,"52":1,"53":1},"f":{"0":1,"1":10,"2":3,"3":3,"4":3,"5":2},"b":{"0":[1,0],"1":[0,1],"2":[4],"3":[10,8],"4":[2,4],"5":[18,8],"6":[1],"7":[3,2,2,2],"8":[1],"9":[1]}}
}
