TN:
SF:src\utils\consts.ts
FN:3,concatDate
FN:33,emptyDays
FN:45,monthDays
FN:53,findLastDay
FN:61,cuttingIntoWeeks
FN:78,range
FNF:6
FNH:6
FNDA:4,concatDate
FNDA:10,emptyDays
FNDA:3,monthDays
FNDA:3,findLastDay
FNDA:3,cuttingIntoWeeks
FNDA:2,range
DA:3,4
DA:4,4
DA:12,1
DA:14,3
DA:16,3
DA:17,3
DA:18,3
DA:23,1
DA:25,2
DA:33,10
DA:34,10
DA:35,4
DA:37,6
DA:38,6
DA:39,6
DA:40,20
DA:42,6
DA:45,1
DA:46,3
DA:47,3
DA:48,35
DA:50,3
DA:53,1
DA:54,3
DA:55,1
DA:57,2
DA:58,2
DA:61,1
DA:62,3
DA:63,1
DA:64,1
DA:66,2
DA:67,2
DA:68,2
DA:69,2
DA:70,2
DA:71,7
DA:72,7
DA:73,7
DA:75,2
DA:78,1
DA:79,2
DA:80,1
DA:82,1
DA:84,1
DA:86,1
DA:88,1
DA:89,1
DA:90,1
DA:92,1
LF:50
LH:50
BRDA:4,0,0,1
BRDA:5,1,0,4
BRDA:5,1,1,3
BRDA:5,1,2,3
BRDA:5,1,3,3
BRDA:5,1,4,3
BRDA:5,1,5,3
BRDA:16,2,0,1
BRDA:16,2,1,2
BRDA:17,3,0,0
BRDA:17,3,1,3
BRDA:18,4,0,1
BRDA:34,5,0,4
BRDA:34,6,0,10
BRDA:34,6,1,8
BRDA:37,7,0,2
BRDA:37,7,1,4
BRDA:39,8,0,18
BRDA:39,8,1,8
BRDA:54,9,0,1
BRDA:54,10,0,3
BRDA:54,10,1,2
BRDA:54,10,2,2
BRDA:54,10,3,2
BRDA:62,11,0,1
BRDA:79,12,0,1
BRF:26
BRH:25
end_of_record
