TN:
SF:src\utils\consts.ts
FN:3,concatDate
FN:15,emptyDays
FN:27,monthDays
FN:35,findLastDay
FN:43,cuttingIntoWeeks
FN:60,range
FNF:6
FNH:6
FNDA:1,concatDate
FNDA:10,emptyDays
FNDA:3,monthDays
FNDA:3,findLastDay
FNDA:3,cuttingIntoWeeks
FNDA:2,range
DA:3,1
DA:4,1
DA:5,1
DA:6,1
DA:7,1
DA:15,10
DA:16,10
DA:17,4
DA:19,6
DA:20,6
DA:21,6
DA:22,20
DA:24,6
DA:27,1
DA:28,3
DA:29,3
DA:30,35
DA:32,3
DA:35,1
DA:36,3
DA:37,1
DA:39,2
DA:40,2
DA:43,1
DA:44,3
DA:45,1
DA:46,1
DA:48,2
DA:49,2
DA:50,2
DA:51,2
DA:52,2
DA:53,7
DA:54,7
DA:55,7
DA:57,2
DA:60,1
DA:61,2
DA:62,1
DA:64,1
DA:66,1
DA:68,1
DA:70,1
DA:71,1
DA:72,1
DA:74,1
LF:46
LH:46
BRDA:5,0,0,1
BRDA:5,0,1,0
BRDA:6,1,0,0
BRDA:6,1,1,1
BRDA:16,2,0,4
BRDA:16,3,0,10
BRDA:16,3,1,8
BRDA:19,4,0,2
BRDA:19,4,1,4
BRDA:21,5,0,18
BRDA:21,5,1,8
BRDA:36,6,0,1
BRDA:36,7,0,3
BRDA:36,7,1,2
BRDA:36,7,2,2
BRDA:36,7,3,2
BRDA:44,8,0,1
BRDA:61,9,0,1
BRF:18
BRH:16
end_of_record
